INFO - 2024-07-01 04:23:28 --> Session: Class initialized using 'CodeIgniter\Session\Handlers\FileHandler' driver.
INFO - 2024-07-01 04:23:30 --> Session: Class initialized using 'CodeIgniter\Session\Handlers\FileHandler' driver.
INFO - 2024-07-01 09:53:35 --> Session: Class initialized using 'CodeIgniter\Session\Handlers\FileHandler' driver.
INFO - 2024-07-01 04:23:40 --> Session: Class initialized using 'CodeIgniter\Session\Handlers\FileHandler' driver.
INFO - 2024-07-01 04:29:50 --> Session: Class initialized using 'CodeIgniter\Session\Handlers\FileHandler' driver.
INFO - 2024-07-01 04:30:04 --> Session: Class initialized using 'CodeIgniter\Session\Handlers\FileHandler' driver.
INFO - 2024-07-01 04:30:05 --> Session: Class initialized using 'CodeIgniter\Session\Handlers\FileHandler' driver.
INFO - 2024-07-01 04:30:06 --> Session: Class initialized using 'CodeIgniter\Session\Handlers\FileHandler' driver.
INFO - 2024-07-01 04:30:07 --> Session: Class initialized using 'CodeIgniter\Session\Handlers\FileHandler' driver.
INFO - 2024-07-01 04:30:09 --> Session: Class initialized using 'CodeIgniter\Session\Handlers\FileHandler' driver.
INFO - 2024-07-01 04:30:10 --> Session: Class initialized using 'CodeIgniter\Session\Handlers\FileHandler' driver.
INFO - 2024-07-01 10:00:12 --> Session: Class initialized using 'CodeIgniter\Session\Handlers\FileHandler' driver.
INFO - 2024-07-01 04:30:15 --> Session: Class initialized using 'CodeIgniter\Session\Handlers\FileHandler' driver.
INFO - 2024-07-01 04:46:43 --> Session: Class initialized using 'CodeIgniter\Session\Handlers\FileHandler' driver.
INFO - 2024-07-01 06:07:22 --> Session: Class initialized using 'CodeIgniter\Session\Handlers\FileHandler' driver.
INFO - 2024-07-01 06:07:22 --> Session: Class initialized using 'CodeIgniter\Session\Handlers\FileHandler' driver.
INFO - 2024-07-01 06:07:58 --> Session: Class initialized using 'CodeIgniter\Session\Handlers\FileHandler' driver.
INFO - 2024-07-01 06:09:54 --> Session: Class initialized using 'CodeIgniter\Session\Handlers\FileHandler' driver.
INFO - 2024-07-01 06:09:55 --> Session: Class initialized using 'CodeIgniter\Session\Handlers\FileHandler' driver.
INFO - 2024-07-01 06:12:08 --> Session: Class initialized using 'CodeIgniter\Session\Handlers\FileHandler' driver.
INFO - 2024-07-01 06:12:08 --> Session: Class initialized using 'CodeIgniter\Session\Handlers\FileHandler' driver.
INFO - 2024-07-01 06:12:17 --> Session: Class initialized using 'CodeIgniter\Session\Handlers\FileHandler' driver.
INFO - 2024-07-01 06:27:27 --> Session: Class initialized using 'CodeIgniter\Session\Handlers\FileHandler' driver.
INFO - 2024-07-01 06:27:39 --> Session: Class initialized using 'CodeIgniter\Session\Handlers\FileHandler' driver.
INFO - 2024-07-01 06:27:43 --> Session: Class initialized using 'CodeIgniter\Session\Handlers\FileHandler' driver.
INFO - 2024-07-01 06:32:24 --> Session: Class initialized using 'CodeIgniter\Session\Handlers\FileHandler' driver.
INFO - 2024-07-01 06:32:24 --> Session: Class initialized using 'CodeIgniter\Session\Handlers\FileHandler' driver.
INFO - 2024-07-01 06:34:52 --> Session: Class initialized using 'CodeIgniter\Session\Handlers\FileHandler' driver.
INFO - 2024-07-01 06:35:43 --> Session: Class initialized using 'CodeIgniter\Session\Handlers\FileHandler' driver.
INFO - 2024-07-01 06:36:04 --> Session: Class initialized using 'CodeIgniter\Session\Handlers\FileHandler' driver.
INFO - 2024-07-01 06:36:05 --> Session: Class initialized using 'CodeIgniter\Session\Handlers\FileHandler' driver.
INFO - 2024-07-01 06:36:14 --> Session: Class initialized using 'CodeIgniter\Session\Handlers\FileHandler' driver.
INFO - 2024-07-01 06:36:50 --> Session: Class initialized using 'CodeIgniter\Session\Handlers\FileHandler' driver.
INFO - 2024-07-01 06:37:18 --> Session: Class initialized using 'CodeIgniter\Session\Handlers\FileHandler' driver.
INFO - 2024-07-01 06:37:46 --> Session: Class initialized using 'CodeIgniter\Session\Handlers\FileHandler' driver.
INFO - 2024-07-01 06:42:37 --> Session: Class initialized using 'CodeIgniter\Session\Handlers\FileHandler' driver.
INFO - 2024-07-01 06:45:02 --> Session: Class initialized using 'CodeIgniter\Session\Handlers\FileHandler' driver.
INFO - 2024-07-01 06:45:17 --> Session: Class initialized using 'CodeIgniter\Session\Handlers\FileHandler' driver.
INFO - 2024-07-01 06:45:39 --> Session: Class initialized using 'CodeIgniter\Session\Handlers\FileHandler' driver.
INFO - 2024-07-01 06:45:47 --> Session: Class initialized using 'CodeIgniter\Session\Handlers\FileHandler' driver.
INFO - 2024-07-01 06:46:32 --> Session: Class initialized using 'CodeIgniter\Session\Handlers\FileHandler' driver.
INFO - 2024-07-01 06:46:39 --> Session: Class initialized using 'CodeIgniter\Session\Handlers\FileHandler' driver.
INFO - 2024-07-01 06:46:45 --> Session: Class initialized using 'CodeIgniter\Session\Handlers\FileHandler' driver.
INFO - 2024-07-01 12:19:39 --> Session: Class initialized using 'CodeIgniter\Session\Handlers\FileHandler' driver.
INFO - 2024-07-01 06:49:41 --> Session: Class initialized using 'CodeIgniter\Session\Handlers\FileHandler' driver.
INFO - 2024-07-01 06:51:07 --> Session: Class initialized using 'CodeIgniter\Session\Handlers\FileHandler' driver.
INFO - 2024-07-01 06:51:20 --> Session: Class initialized using 'CodeIgniter\Session\Handlers\FileHandler' driver.
INFO - 2024-07-01 06:51:33 --> Session: Class initialized using 'CodeIgniter\Session\Handlers\FileHandler' driver.
INFO - 2024-07-01 06:53:13 --> Session: Class initialized using 'CodeIgniter\Session\Handlers\FileHandler' driver.
INFO - 2024-07-01 06:53:43 --> Session: Class initialized using 'CodeIgniter\Session\Handlers\FileHandler' driver.
INFO - 2024-07-01 06:53:49 --> Session: Class initialized using 'CodeIgniter\Session\Handlers\FileHandler' driver.
INFO - 2024-07-01 06:56:09 --> Session: Class initialized using 'CodeIgniter\Session\Handlers\FileHandler' driver.
INFO - 2024-07-01 06:56:09 --> Session: Class initialized using 'CodeIgniter\Session\Handlers\FileHandler' driver.
INFO - 2024-07-01 06:56:09 --> Session: Class initialized using 'CodeIgniter\Session\Handlers\FileHandler' driver.
INFO - 2024-07-01 06:56:10 --> Session: Class initialized using 'CodeIgniter\Session\Handlers\FileHandler' driver.
INFO - 2024-07-01 12:26:11 --> Session: Class initialized using 'CodeIgniter\Session\Handlers\FileHandler' driver.
INFO - 2024-07-01 06:56:12 --> Session: Class initialized using 'CodeIgniter\Session\Handlers\FileHandler' driver.
INFO - 2024-07-01 06:57:38 --> Session: Class initialized using 'CodeIgniter\Session\Handlers\FileHandler' driver.
INFO - 2024-07-01 06:57:38 --> Session: Class initialized using 'CodeIgniter\Session\Handlers\FileHandler' driver.
INFO - 2024-07-01 06:57:39 --> Session: Class initialized using 'CodeIgniter\Session\Handlers\FileHandler' driver.
INFO - 2024-07-01 06:57:39 --> Session: Class initialized using 'CodeIgniter\Session\Handlers\FileHandler' driver.
INFO - 2024-07-01 12:27:40 --> Session: Class initialized using 'CodeIgniter\Session\Handlers\FileHandler' driver.
INFO - 2024-07-01 06:57:41 --> Session: Class initialized using 'CodeIgniter\Session\Handlers\FileHandler' driver.
INFO - 2024-07-01 06:58:07 --> Session: Class initialized using 'CodeIgniter\Session\Handlers\FileHandler' driver.
INFO - 2024-07-01 06:58:07 --> Session: Class initialized using 'CodeIgniter\Session\Handlers\FileHandler' driver.
INFO - 2024-07-01 12:28:08 --> Session: Class initialized using 'CodeIgniter\Session\Handlers\FileHandler' driver.
INFO - 2024-07-01 12:28:38 --> Session: Class initialized using 'CodeIgniter\Session\Handlers\FileHandler' driver.
CRITICAL - 2024-07-01 12:28:38 --> Undefined variable $sdk
in APPPATH\Controllers\Login.php on line 248.
 1 APPPATH\Controllers\Login.php(248): CodeIgniter\Debug\Exceptions->errorHandler(2, 'Undefined variable $sdk', 'APPPATH\\Controllers\\Login.php', 248)
 2 SYSTEMPATH\CodeIgniter.php(934): App\Controllers\Login->callback()
 3 SYSTEMPATH\CodeIgniter.php(499): CodeIgniter\CodeIgniter->runController(Object(App\Controllers\Login))
 4 SYSTEMPATH\CodeIgniter.php(368): CodeIgniter\CodeIgniter->handleRequest(null, Object(Config\Cache), false)
 5 FCPATH\index.php(67): CodeIgniter\CodeIgniter->run()
INFO - 2024-07-01 12:28:53 --> Session: Class initialized using 'CodeIgniter\Session\Handlers\FileHandler' driver.
INFO - 2024-07-01 12:29:44 --> Session: Class initialized using 'CodeIgniter\Session\Handlers\FileHandler' driver.
CRITICAL - 2024-07-01 12:29:44 --> `cookieSecret` must be configured
in FCPATH\vendor\auth0\auth0-php\src\Exception\ConfigurationException.php on line 66.
 1 FCPATH\vendor\auth0\auth0-php\src\Store\CookieStore.php(506): Auth0\SDK\Exception\ConfigurationException::requiresCookieSecret()
 2 FCPATH\vendor\auth0\auth0-php\src\Store\CookieStore.php(184): Auth0\SDK\Store\CookieStore->decrypt('{"tag":"+G3MXoNkoTZMRSuH7IQ7VA==","iv":"GlYplppWzPThiEVD","data":"KkeYH3lkORZT7PrrJLOhJCRa3UB2Ju68AY+\\/pTpBw2HrRv1K2Sk0md7P5HXFLzevC19XPpZqqHR340uOPYbmgWMcM6OFC1nBo5Ab3UcS910WcfcJHp8EkRZNNbzsJHNCe4lSebrOTAar+dhqR2FMhsHFONzQrhdUzGE+8rGW2+oiUxEWRxeAHax6wWNp2jANWn4RkiDplOcz6cXG\\/CMQgC4ko8moPkq9sI5C2GNfxauoM8oWKhGI3OhEY47qcUQiMu6eDGYMzZIZfBg4NXH6whItK7twx0mzZXl5DFunXBFh4C\\/TH2HrQzIqvBkBhdaRwRof\\/FtaBL\\/d0+2uvQTOEKkiKhzeKzhUNG8lzbQPQmB5gIcIIgXhbQUPTL0xq8rBdsFOlAUnR7BrDT2EtrzmAahhmBJ78Dr7zkP8ik6FOvh5PhFjuikXSZG\\/uuioajxYFUv9GYinbYnwv+bIPLL49KzVngD9YR\\/1+NF9E21HM4VNXhmkKaFIm6B8T42ZmAhjtVPjhym\\/+u5w9rzx5ThSTLabfy7KdLBlT\\/JJQ06ctX9EIQQ94phL1FDQxJuA0PkgJvxjaUNWqqZSUIq5oSAdmpVPwQGFvuaKkj7G3BR8oLSnjX7iiaTDPWzfaSG\\/5g5YFMwnuGGQeN6C5N2Ah++iHcQK3v8o9MFvfOlXuXavT+eHL+PChDdD5saRf7obbmRPW8eOxczdwl0JgzOtPx91QrRw4qj+unyeeYRUZrkcKrhRdYx7KM+96SeILGHNu4vBZSxyLGIiMiPCofnuf1C9iv4l9bMSsg1h9qoo9wXQozobrlRFvNC2OsoQDcsvHZgPPfv5UmE5HEcW8DcGarfBzWHc\\/cvNYi3NywhxBkWuKzVU0EaHhWhcX75xHeTJuo2x8Q12j9HHfe\\/vpul9TuSXcUdwuqg9i3MoBZzyd1RVnul0SIzHlTiUQ5T8N6A1p\\/r5+uimGCMqIvIpYyxxZj8YAEk1uI7JFRLb6LsW0SNQVj8LEc541y6ztJT9BYDfefHZ3QJEAoptFGlGdtM9NeAOiWh2ZDIL72cqeyp94iaWiHKq7Akor8gwOOnkk+wxYaYHNiGNq7spGEkaKX18IjRJW1SE\\/clMuHNbNVNnDx1e5kjUve7PUtuFYvIyYLgXKOSByyeQrwR77TawOU95sTUplMxHrOaNO+uSeCBtczOLcl2XtNb3QWO6hq5J0i78Zs6TD90aQNdsWsQSfNEnjgeBVS\\/Owwla+vjKeFGNT0EZvKdu6\\/o0lLcu\\/XHl9hw5nNt4zkk8XPWZYFbw9sQeUHDVJHWElxycZ9i7TvjVjrXvU2AppCSyfjN7VpOoA0667W8a0HgLm+nI1Es4+bey8lXTfriPZl5DCSC1nx53MbUO4FOdFW+e01JqoGZ7doI2AUzD4+typ4eKI\\/XP3JLL823rQcQde9DFHMFCnmyKHRlCXsHicC9N50y\\/577Rwljl3jJGCPHfRxcuKc8eNEpd8iNg2SErfdbA6bBoTBiFioUECpW89KVmasTOaC0nNa459hqza\\/ZbxBJo4rZOYRJt7seBCUHuhmnQ719\\/v4M5ctPYfiFTZ45EPI31UWhYKsOV9dUyPFNz\\/Lrxj0qktcFzRFkzYJcxzsE+UcliHv2iC0x0dG5qwMkifSezuR0mw1LdIEbyV32yMP7TXhXUH2\\/\\/n2VuCPrWd4lfonReOyPpOod34veE1nwJVFTnXKK8HjuBfKg4x8Qyxe8kvhHf70\\/Vif8jYIkHY1xNYwqIqpyvL5TsY00sqiv1bScXlMXbU\\/vxDZrWU8v92v0Buu3JBZdIbX6D4QEjGnwU7WFgwomD08UYS5hu6t0YAhz6G1lI6SCy7XOBnG0jXPIX9N290YBGVjWnJO4VWGrqoo7wzxCQtlDags3MIdwOM4A0zT4Qy5KAo4fZ3sgZbG0uiDl6d+w5smhXxFDjzX+JDpTMpVWfqJ3kFOR3rF8hrG3RGbORLIrD4EXCHNth7O3S8kuz4NBmzFpc2qodj\\/q47KQ+iJJCX9QPMjVQ3vRejIv\\/Q1dZPU8NO9lBkABtTrntayTW9\\/FnFyN3zUPVqpqsYxQPF55Gm5AWOEjVso1j2VwIfP6xmEL+ZMQeylZ1FqKVKmhZbuEF1QegeyxaeaaPrcWvzLAT\\/9PqMyDtML6oaEhORUf+P\\/CJ+L3k3gOn31sDUDxxyFfiETl99\\/0f77TKYtVuzXcgJDsTIz7ma2t7SP+4Y\\/VmYs0mV1cQezwUH+esc3EBAnu00uxEReQLg7kKm46nhnc52+tRb6o9SQ0lB9nEzRXPohn\\/4tXphAwUA04L73hx4\\/V778ZfsGwPtBMI9mvePzQ1ukKEi2ROpQunBOhA7Wj3u1JfSre+cV\\/CnMOAB+\\/PDvjB0KVLHC0xJA2\\/QaCMzuBN44ZitODC4yRn96h9gGLElcLdD7NzRuGtEnHGUApZ0xeohXWVeMvbITVlq7HruloCq3+B8124isbh6jcPvecRUkCYQQ47QrysRISKMFCH\\/SRjxAfJ4zaOH1+0vyrhHUTYq7wftw8DJ8UJP1kAPk5\\/wJfsAjrQHIKxTfyEj46NvQcetZRiW8tvS9lW56cILYQ2AB2PGSg3ndTQYp9YK+Fp2zxGtO4vG+jmdj0zB8omnbyW+EzTjxxaESTAZrcmvDG7gebXkHFnPPB5xgcQPr5x8A8wCkc+K4J30U8oAubQsWuZbKA8sCOrlx5Ft2ZcgXyvLXCc8ECXtYwO440YwZ3Um2HkaWrP0x7W9oSvxxofpm7CmBT+jfi5lDVlup\\/jJNu9\\/gY862GBFFfITP0HBqmjSVo3ah+nmietJzWCUbh7LrCigTQDBsQreZfCPrHV1EMrAzkDYIQBe2tJE27jAr3E4Y026zK+bBLtCZIHerM8k2BLoZfsl8X221hNx6Ipea84KH74SXb6+NJ3ZKgTQEi36pifj4V2LMnAphXAyR0sPybI+qIFaDKP+52GSfVoULhapyoGHUkPR6ME7pdIF2fpjDyhes4LtJ++5MSeKRynhqz4Sx2DGTmNL3T3WQVRZFb4tauV09aPi7Rm\\/Rh5p\\/17ABAJVog2WOe8Rca9cKG4ZpbRwsAlin3AS1hmK1Bq8ZWZxQjc\\/uMGvgjFesWeBTlDKp8Xdwxn5zvYSrTkAkMoI+MVLXME1bOws0M="}')
 3 FCPATH\vendor\auth0\auth0-php\src\Store\CookieStore.php(82): Auth0\SDK\Store\CookieStore->getState()
 4 FCPATH\vendor\auth0\auth0-php\src\Configuration\SdkConfiguration.php(438): Auth0\SDK\Store\CookieStore->__construct(Object(Auth0\SDK\Configuration\SdkConfiguration), 'auth0_session')
 5 FCPATH\vendor\auth0\auth0-php\src\Configuration\SdkConfiguration.php(270): Auth0\SDK\Configuration\SdkConfiguration->setupStateStorage()
 6 APPPATH\Controllers\Login.php(256): Auth0\SDK\Configuration\SdkConfiguration->__construct(null, 'webapp', 'dev-44uhudulet0f7kxq.us.auth0.com', null, 'hmIaenviRl0HPyVkpparSVEyYlEoSP1z', 'http://localhost/sso/callback', '-nMtt7GQko5WuWMT12z_MQpqRHYCMAGmhoAb4v94CbUTLbSYXEle7s0QwJ8G31-N')
 7 SYSTEMPATH\CodeIgniter.php(934): App\Controllers\Login->callback()
 8 SYSTEMPATH\CodeIgniter.php(499): CodeIgniter\CodeIgniter->runController(Object(App\Controllers\Login))
 9 SYSTEMPATH\CodeIgniter.php(368): CodeIgniter\CodeIgniter->handleRequest(null, Object(Config\Cache), false)
10 FCPATH\index.php(67): CodeIgniter\CodeIgniter->run()
INFO - 2024-07-01 12:29:58 --> Session: Class initialized using 'CodeIgniter\Session\Handlers\FileHandler' driver.
CRITICAL - 2024-07-01 12:29:58 --> `cookieSecret` must be configured
in FCPATH\vendor\auth0\auth0-php\src\Exception\ConfigurationException.php on line 66.
 1 FCPATH\vendor\auth0\auth0-php\src\Store\CookieStore.php(506): Auth0\SDK\Exception\ConfigurationException::requiresCookieSecret()
 2 FCPATH\vendor\auth0\auth0-php\src\Store\CookieStore.php(184): Auth0\SDK\Store\CookieStore->decrypt('{"tag":"+G3MXoNkoTZMRSuH7IQ7VA==","iv":"GlYplppWzPThiEVD","data":"KkeYH3lkORZT7PrrJLOhJCRa3UB2Ju68AY+\\/pTpBw2HrRv1K2Sk0md7P5HXFLzevC19XPpZqqHR340uOPYbmgWMcM6OFC1nBo5Ab3UcS910WcfcJHp8EkRZNNbzsJHNCe4lSebrOTAar+dhqR2FMhsHFONzQrhdUzGE+8rGW2+oiUxEWRxeAHax6wWNp2jANWn4RkiDplOcz6cXG\\/CMQgC4ko8moPkq9sI5C2GNfxauoM8oWKhGI3OhEY47qcUQiMu6eDGYMzZIZfBg4NXH6whItK7twx0mzZXl5DFunXBFh4C\\/TH2HrQzIqvBkBhdaRwRof\\/FtaBL\\/d0+2uvQTOEKkiKhzeKzhUNG8lzbQPQmB5gIcIIgXhbQUPTL0xq8rBdsFOlAUnR7BrDT2EtrzmAahhmBJ78Dr7zkP8ik6FOvh5PhFjuikXSZG\\/uuioajxYFUv9GYinbYnwv+bIPLL49KzVngD9YR\\/1+NF9E21HM4VNXhmkKaFIm6B8T42ZmAhjtVPjhym\\/+u5w9rzx5ThSTLabfy7KdLBlT\\/JJQ06ctX9EIQQ94phL1FDQxJuA0PkgJvxjaUNWqqZSUIq5oSAdmpVPwQGFvuaKkj7G3BR8oLSnjX7iiaTDPWzfaSG\\/5g5YFMwnuGGQeN6C5N2Ah++iHcQK3v8o9MFvfOlXuXavT+eHL+PChDdD5saRf7obbmRPW8eOxczdwl0JgzOtPx91QrRw4qj+unyeeYRUZrkcKrhRdYx7KM+96SeILGHNu4vBZSxyLGIiMiPCofnuf1C9iv4l9bMSsg1h9qoo9wXQozobrlRFvNC2OsoQDcsvHZgPPfv5UmE5HEcW8DcGarfBzWHc\\/cvNYi3NywhxBkWuKzVU0EaHhWhcX75xHeTJuo2x8Q12j9HHfe\\/vpul9TuSXcUdwuqg9i3MoBZzyd1RVnul0SIzHlTiUQ5T8N6A1p\\/r5+uimGCMqIvIpYyxxZj8YAEk1uI7JFRLb6LsW0SNQVj8LEc541y6ztJT9BYDfefHZ3QJEAoptFGlGdtM9NeAOiWh2ZDIL72cqeyp94iaWiHKq7Akor8gwOOnkk+wxYaYHNiGNq7spGEkaKX18IjRJW1SE\\/clMuHNbNVNnDx1e5kjUve7PUtuFYvIyYLgXKOSByyeQrwR77TawOU95sTUplMxHrOaNO+uSeCBtczOLcl2XtNb3QWO6hq5J0i78Zs6TD90aQNdsWsQSfNEnjgeBVS\\/Owwla+vjKeFGNT0EZvKdu6\\/o0lLcu\\/XHl9hw5nNt4zkk8XPWZYFbw9sQeUHDVJHWElxycZ9i7TvjVjrXvU2AppCSyfjN7VpOoA0667W8a0HgLm+nI1Es4+bey8lXTfriPZl5DCSC1nx53MbUO4FOdFW+e01JqoGZ7doI2AUzD4+typ4eKI\\/XP3JLL823rQcQde9DFHMFCnmyKHRlCXsHicC9N50y\\/577Rwljl3jJGCPHfRxcuKc8eNEpd8iNg2SErfdbA6bBoTBiFioUECpW89KVmasTOaC0nNa459hqza\\/ZbxBJo4rZOYRJt7seBCUHuhmnQ719\\/v4M5ctPYfiFTZ45EPI31UWhYKsOV9dUyPFNz\\/Lrxj0qktcFzRFkzYJcxzsE+UcliHv2iC0x0dG5qwMkifSezuR0mw1LdIEbyV32yMP7TXhXUH2\\/\\/n2VuCPrWd4lfonReOyPpOod34veE1nwJVFTnXKK8HjuBfKg4x8Qyxe8kvhHf70\\/Vif8jYIkHY1xNYwqIqpyvL5TsY00sqiv1bScXlMXbU\\/vxDZrWU8v92v0Buu3JBZdIbX6D4QEjGnwU7WFgwomD08UYS5hu6t0YAhz6G1lI6SCy7XOBnG0jXPIX9N290YBGVjWnJO4VWGrqoo7wzxCQtlDags3MIdwOM4A0zT4Qy5KAo4fZ3sgZbG0uiDl6d+w5smhXxFDjzX+JDpTMpVWfqJ3kFOR3rF8hrG3RGbORLIrD4EXCHNth7O3S8kuz4NBmzFpc2qodj\\/q47KQ+iJJCX9QPMjVQ3vRejIv\\/Q1dZPU8NO9lBkABtTrntayTW9\\/FnFyN3zUPVqpqsYxQPF55Gm5AWOEjVso1j2VwIfP6xmEL+ZMQeylZ1FqKVKmhZbuEF1QegeyxaeaaPrcWvzLAT\\/9PqMyDtML6oaEhORUf+P\\/CJ+L3k3gOn31sDUDxxyFfiETl99\\/0f77TKYtVuzXcgJDsTIz7ma2t7SP+4Y\\/VmYs0mV1cQezwUH+esc3EBAnu00uxEReQLg7kKm46nhnc52+tRb6o9SQ0lB9nEzRXPohn\\/4tXphAwUA04L73hx4\\/V778ZfsGwPtBMI9mvePzQ1ukKEi2ROpQunBOhA7Wj3u1JfSre+cV\\/CnMOAB+\\/PDvjB0KVLHC0xJA2\\/QaCMzuBN44ZitODC4yRn96h9gGLElcLdD7NzRuGtEnHGUApZ0xeohXWVeMvbITVlq7HruloCq3+B8124isbh6jcPvecRUkCYQQ47QrysRISKMFCH\\/SRjxAfJ4zaOH1+0vyrhHUTYq7wftw8DJ8UJP1kAPk5\\/wJfsAjrQHIKxTfyEj46NvQcetZRiW8tvS9lW56cILYQ2AB2PGSg3ndTQYp9YK+Fp2zxGtO4vG+jmdj0zB8omnbyW+EzTjxxaESTAZrcmvDG7gebXkHFnPPB5xgcQPr5x8A8wCkc+K4J30U8oAubQsWuZbKA8sCOrlx5Ft2ZcgXyvLXCc8ECXtYwO440YwZ3Um2HkaWrP0x7W9oSvxxofpm7CmBT+jfi5lDVlup\\/jJNu9\\/gY862GBFFfITP0HBqmjSVo3ah+nmietJzWCUbh7LrCigTQDBsQreZfCPrHV1EMrAzkDYIQBe2tJE27jAr3E4Y026zK+bBLtCZIHerM8k2BLoZfsl8X221hNx6Ipea84KH74SXb6+NJ3ZKgTQEi36pifj4V2LMnAphXAyR0sPybI+qIFaDKP+52GSfVoULhapyoGHUkPR6ME7pdIF2fpjDyhes4LtJ++5MSeKRynhqz4Sx2DGTmNL3T3WQVRZFb4tauV09aPi7Rm\\/Rh5p\\/17ABAJVog2WOe8Rca9cKG4ZpbRwsAlin3AS1hmK1Bq8ZWZxQjc\\/uMGvgjFesWeBTlDKp8Xdwxn5zvYSrTkAkMoI+MVLXME1bOws0M="}')
 3 FCPATH\vendor\auth0\auth0-php\src\Store\CookieStore.php(82): Auth0\SDK\Store\CookieStore->getState()
 4 FCPATH\vendor\auth0\auth0-php\src\Configuration\SdkConfiguration.php(438): Auth0\SDK\Store\CookieStore->__construct(Object(Auth0\SDK\Configuration\SdkConfiguration), 'auth0_session')
 5 FCPATH\vendor\auth0\auth0-php\src\Configuration\SdkConfiguration.php(270): Auth0\SDK\Configuration\SdkConfiguration->setupStateStorage()
 6 APPPATH\Controllers\Login.php(257): Auth0\SDK\Configuration\SdkConfiguration->__construct(null, 'webapp', 'dev-44uhudulet0f7kxq.us.auth0.com', null, 'hmIaenviRl0HPyVkpparSVEyYlEoSP1z', 'http://localhost/sso/callback', '-nMtt7GQko5WuWMT12z_MQpqRHYCMAGmhoAb4v94CbUTLbSYXEle7s0QwJ8G31-N', null, null, true, [...], 'query', 'code', 'RS256', null, null, 60, null, 60, null, 3, null, null, null, true, null, 'auth0_session', 'D:\\wamp64\\www\\sso')
 7 SYSTEMPATH\CodeIgniter.php(934): App\Controllers\Login->callback()
 8 SYSTEMPATH\CodeIgniter.php(499): CodeIgniter\CodeIgniter->runController(Object(App\Controllers\Login))
 9 SYSTEMPATH\CodeIgniter.php(368): CodeIgniter\CodeIgniter->handleRequest(null, Object(Config\Cache), false)
10 FCPATH\index.php(67): CodeIgniter\CodeIgniter->run()
INFO - 2024-07-01 07:03:28 --> Session: Class initialized using 'CodeIgniter\Session\Handlers\FileHandler' driver.
INFO - 2024-07-01 07:03:28 --> Session: Class initialized using 'CodeIgniter\Session\Handlers\FileHandler' driver.
INFO - 2024-07-01 07:03:29 --> Session: Class initialized using 'CodeIgniter\Session\Handlers\FileHandler' driver.
INFO - 2024-07-01 07:03:29 --> Session: Class initialized using 'CodeIgniter\Session\Handlers\FileHandler' driver.
INFO - 2024-07-01 12:33:30 --> Session: Class initialized using 'CodeIgniter\Session\Handlers\FileHandler' driver.
INFO - 2024-07-01 12:33:45 --> Session: Class initialized using 'CodeIgniter\Session\Handlers\FileHandler' driver.
INFO - 2024-07-01 12:35:39 --> Session: Class initialized using 'CodeIgniter\Session\Handlers\FileHandler' driver.
INFO - 2024-07-01 07:05:41 --> Session: Class initialized using 'CodeIgniter\Session\Handlers\FileHandler' driver.
INFO - 2024-07-01 07:05:41 --> Session: Class initialized using 'CodeIgniter\Session\Handlers\FileHandler' driver.
CRITICAL - 2024-07-01 12:35:41 --> Undefined variable $sdk
in APPPATH\Controllers\Login.php on line 52.
 1 APPPATH\Controllers\Login.php(52): CodeIgniter\Debug\Exceptions->errorHandler(2, 'Undefined variable $sdk', 'APPPATH\\Controllers\\Login.php', 52)
 2 SYSTEMPATH\CodeIgniter.php(934): App\Controllers\Login->index()
 3 SYSTEMPATH\CodeIgniter.php(499): CodeIgniter\CodeIgniter->runController(Object(App\Controllers\Login))
 4 SYSTEMPATH\CodeIgniter.php(368): CodeIgniter\CodeIgniter->handleRequest(null, Object(Config\Cache), false)
 5 FCPATH\index.php(67): CodeIgniter\CodeIgniter->run()
INFO - 2024-07-01 07:05:42 --> Session: Class initialized using 'CodeIgniter\Session\Handlers\FileHandler' driver.
INFO - 2024-07-01 07:05:42 --> Session: Class initialized using 'CodeIgniter\Session\Handlers\FileHandler' driver.
CRITICAL - 2024-07-01 12:35:42 --> Undefined variable $sdk
in APPPATH\Controllers\Login.php on line 52.
 1 APPPATH\Controllers\Login.php(52): CodeIgniter\Debug\Exceptions->errorHandler(2, 'Undefined variable $sdk', 'APPPATH\\Controllers\\Login.php', 52)
 2 SYSTEMPATH\CodeIgniter.php(934): App\Controllers\Login->index()
 3 SYSTEMPATH\CodeIgniter.php(499): CodeIgniter\CodeIgniter->runController(Object(App\Controllers\Login))
 4 SYSTEMPATH\CodeIgniter.php(368): CodeIgniter\CodeIgniter->handleRequest(null, Object(Config\Cache), false)
 5 FCPATH\index.php(67): CodeIgniter\CodeIgniter->run()
INFO - 2024-07-01 07:06:09 --> Session: Class initialized using 'CodeIgniter\Session\Handlers\FileHandler' driver.
CRITICAL - 2024-07-01 12:36:09 --> Undefined variable $sdk
in APPPATH\Controllers\Login.php on line 50.
 1 APPPATH\Controllers\Login.php(50): CodeIgniter\Debug\Exceptions->errorHandler(2, 'Undefined variable $sdk', 'APPPATH\\Controllers\\Login.php', 50)
 2 SYSTEMPATH\CodeIgniter.php(934): App\Controllers\Login->index()
 3 SYSTEMPATH\CodeIgniter.php(499): CodeIgniter\CodeIgniter->runController(Object(App\Controllers\Login))
 4 SYSTEMPATH\CodeIgniter.php(368): CodeIgniter\CodeIgniter->handleRequest(null, Object(Config\Cache), false)
 5 FCPATH\index.php(67): CodeIgniter\CodeIgniter->run()
INFO - 2024-07-01 07:06:23 --> Session: Class initialized using 'CodeIgniter\Session\Handlers\FileHandler' driver.
CRITICAL - 2024-07-01 12:36:23 --> Undefined variable $configuration
in APPPATH\Controllers\Login.php on line 50.
 1 APPPATH\Controllers\Login.php(50): CodeIgniter\Debug\Exceptions->errorHandler(2, 'Undefined variable $configuration', 'APPPATH\\Controllers\\Login.php', 50)
 2 SYSTEMPATH\CodeIgniter.php(934): App\Controllers\Login->index()
 3 SYSTEMPATH\CodeIgniter.php(499): CodeIgniter\CodeIgniter->runController(Object(App\Controllers\Login))
 4 SYSTEMPATH\CodeIgniter.php(368): CodeIgniter\CodeIgniter->handleRequest(null, Object(Config\Cache), false)
 5 FCPATH\index.php(67): CodeIgniter\CodeIgniter->run()
INFO - 2024-07-01 07:08:48 --> Session: Class initialized using 'CodeIgniter\Session\Handlers\FileHandler' driver.
INFO - 2024-07-01 12:38:49 --> Session: Class initialized using 'CodeIgniter\Session\Handlers\FileHandler' driver.
INFO - 2024-07-01 07:09:26 --> Session: Class initialized using 'CodeIgniter\Session\Handlers\FileHandler' driver.
INFO - 2024-07-01 07:09:26 --> Session: Class initialized using 'CodeIgniter\Session\Handlers\FileHandler' driver.
CRITICAL - 2024-07-01 12:39:26 --> Undefined variable $configuration
in APPPATH\Controllers\Login.php on line 33.
 1 APPPATH\Controllers\Login.php(33): CodeIgniter\Debug\Exceptions->errorHandler(2, 'Undefined variable $configuration', 'APPPATH\\Controllers\\Login.php', 33)
 2 SYSTEMPATH\CodeIgniter.php(906): App\Controllers\Login->__construct()
 3 SYSTEMPATH\CodeIgniter.php(490): CodeIgniter\CodeIgniter->createController()
 4 SYSTEMPATH\CodeIgniter.php(368): CodeIgniter\CodeIgniter->handleRequest(null, Object(Config\Cache), false)
 5 FCPATH\index.php(67): CodeIgniter\CodeIgniter->run()
INFO - 2024-07-01 07:09:26 --> Session: Class initialized using 'CodeIgniter\Session\Handlers\FileHandler' driver.
INFO - 2024-07-01 07:09:26 --> Session: Class initialized using 'CodeIgniter\Session\Handlers\FileHandler' driver.
CRITICAL - 2024-07-01 12:39:27 --> Undefined variable $configuration
in APPPATH\Controllers\Login.php on line 33.
 1 APPPATH\Controllers\Login.php(33): CodeIgniter\Debug\Exceptions->errorHandler(2, 'Undefined variable $configuration', 'APPPATH\\Controllers\\Login.php', 33)
 2 SYSTEMPATH\CodeIgniter.php(906): App\Controllers\Login->__construct()
 3 SYSTEMPATH\CodeIgniter.php(490): CodeIgniter\CodeIgniter->createController()
 4 SYSTEMPATH\CodeIgniter.php(368): CodeIgniter\CodeIgniter->handleRequest(null, Object(Config\Cache), false)
 5 FCPATH\index.php(67): CodeIgniter\CodeIgniter->run()
INFO - 2024-07-01 07:10:01 --> Session: Class initialized using 'CodeIgniter\Session\Handlers\FileHandler' driver.
INFO - 2024-07-01 12:40:02 --> Session: Class initialized using 'CodeIgniter\Session\Handlers\FileHandler' driver.
INFO - 2024-07-01 12:40:42 --> Session: Class initialized using 'CodeIgniter\Session\Handlers\FileHandler' driver.
INFO - 2024-07-01 12:40:56 --> Session: Class initialized using 'CodeIgniter\Session\Handlers\FileHandler' driver.
INFO - 2024-07-01 12:41:29 --> Session: Class initialized using 'CodeIgniter\Session\Handlers\FileHandler' driver.
INFO - 2024-07-01 07:12:28 --> Session: Class initialized using 'CodeIgniter\Session\Handlers\FileHandler' driver.
INFO - 2024-07-01 07:12:28 --> Session: Class initialized using 'CodeIgniter\Session\Handlers\FileHandler' driver.
INFO - 2024-07-01 12:42:29 --> Session: Class initialized using 'CodeIgniter\Session\Handlers\FileHandler' driver.
INFO - 2024-07-01 12:42:50 --> Session: Class initialized using 'CodeIgniter\Session\Handlers\FileHandler' driver.
INFO - 2024-07-01 12:45:50 --> Session: Class initialized using 'CodeIgniter\Session\Handlers\FileHandler' driver.
INFO - 2024-07-01 07:15:54 --> Session: Class initialized using 'CodeIgniter\Session\Handlers\FileHandler' driver.
INFO - 2024-07-01 07:15:55 --> Session: Class initialized using 'CodeIgniter\Session\Handlers\FileHandler' driver.
INFO - 2024-07-01 07:16:01 --> Session: Class initialized using 'CodeIgniter\Session\Handlers\FileHandler' driver.
INFO - 2024-07-01 07:16:57 --> Session: Class initialized using 'CodeIgniter\Session\Handlers\FileHandler' driver.
INFO - 2024-07-01 07:17:01 --> Session: Class initialized using 'CodeIgniter\Session\Handlers\FileHandler' driver.
INFO - 2024-07-01 12:48:20 --> Session: Class initialized using 'CodeIgniter\Session\Handlers\FileHandler' driver.
INFO - 2024-07-01 12:49:10 --> Session: Class initialized using 'CodeIgniter\Session\Handlers\FileHandler' driver.
INFO - 2024-07-01 12:49:11 --> Session: Class initialized using 'CodeIgniter\Session\Handlers\FileHandler' driver.
INFO - 2024-07-01 07:19:14 --> Session: Class initialized using 'CodeIgniter\Session\Handlers\FileHandler' driver.
INFO - 2024-07-01 07:19:14 --> Session: Class initialized using 'CodeIgniter\Session\Handlers\FileHandler' driver.
INFO - 2024-07-01 12:49:15 --> Session: Class initialized using 'CodeIgniter\Session\Handlers\FileHandler' driver.
INFO - 2024-07-01 13:08:30 --> Session: Class initialized using 'CodeIgniter\Session\Handlers\FileHandler' driver.
INFO - 2024-07-01 07:38:35 --> Session: Class initialized using 'CodeIgniter\Session\Handlers\FileHandler' driver.
INFO - 2024-07-01 07:38:35 --> Session: Class initialized using 'CodeIgniter\Session\Handlers\FileHandler' driver.
INFO - 2024-07-01 13:08:37 --> Session: Class initialized using 'CodeIgniter\Session\Handlers\FileHandler' driver.
INFO - 2024-07-01 07:40:53 --> Session: Class initialized using 'CodeIgniter\Session\Handlers\FileHandler' driver.
INFO - 2024-07-01 07:40:53 --> Session: Class initialized using 'CodeIgniter\Session\Handlers\FileHandler' driver.
INFO - 2024-07-01 13:10:55 --> Session: Class initialized using 'CodeIgniter\Session\Handlers\FileHandler' driver.
INFO - 2024-07-01 07:41:15 --> Session: Class initialized using 'CodeIgniter\Session\Handlers\FileHandler' driver.
INFO - 2024-07-01 07:41:15 --> Session: Class initialized using 'CodeIgniter\Session\Handlers\FileHandler' driver.
INFO - 2024-07-01 07:41:21 --> Session: Class initialized using 'CodeIgniter\Session\Handlers\FileHandler' driver.
INFO - 2024-07-01 07:43:32 --> Session: Class initialized using 'CodeIgniter\Session\Handlers\FileHandler' driver.
INFO - 2024-07-01 07:43:32 --> Session: Class initialized using 'CodeIgniter\Session\Handlers\FileHandler' driver.
INFO - 2024-07-01 07:43:38 --> Session: Class initialized using 'CodeIgniter\Session\Handlers\FileHandler' driver.
INFO - 2024-07-01 07:45:16 --> Session: Class initialized using 'CodeIgniter\Session\Handlers\FileHandler' driver.
INFO - 2024-07-01 07:48:06 --> Session: Class initialized using 'CodeIgniter\Session\Handlers\FileHandler' driver.
INFO - 2024-07-01 09:34:20 --> Session: Class initialized using 'CodeIgniter\Session\Handlers\FileHandler' driver.
INFO - 2024-07-01 09:53:53 --> Session: Class initialized using 'CodeIgniter\Session\Handlers\FileHandler' driver.
INFO - 2024-07-01 10:21:30 --> Session: Class initialized using 'CodeIgniter\Session\Handlers\FileHandler' driver.
INFO - 2024-07-01 10:21:30 --> Session: Class initialized using 'CodeIgniter\Session\Handlers\FileHandler' driver.
INFO - 2024-07-01 15:51:31 --> Session: Class initialized using 'CodeIgniter\Session\Handlers\FileHandler' driver.
INFO - 2024-07-01 10:21:45 --> Session: Class initialized using 'CodeIgniter\Session\Handlers\FileHandler' driver.
INFO - 2024-07-01 10:21:45 --> Session: Class initialized using 'CodeIgniter\Session\Handlers\FileHandler' driver.
INFO - 2024-07-01 10:21:52 --> Session: Class initialized using 'CodeIgniter\Session\Handlers\FileHandler' driver.
INFO - 2024-07-01 10:22:02 --> Session: Class initialized using 'CodeIgniter\Session\Handlers\FileHandler' driver.
INFO - 2024-07-01 10:22:02 --> Session: Class initialized using 'CodeIgniter\Session\Handlers\FileHandler' driver.
INFO - 2024-07-01 15:56:14 --> Session: Class initialized using 'CodeIgniter\Session\Handlers\FileHandler' driver.
INFO - 2024-07-01 16:00:50 --> Session: Class initialized using 'CodeIgniter\Session\Handlers\FileHandler' driver.
INFO - 2024-07-01 10:44:46 --> Session: Class initialized using 'CodeIgniter\Session\Handlers\FileHandler' driver.
INFO - 2024-07-01 10:45:05 --> Session: Class initialized using 'CodeIgniter\Session\Handlers\FileHandler' driver.
INFO - 2024-07-01 10:46:11 --> Session: Class initialized using 'CodeIgniter\Session\Handlers\FileHandler' driver.
INFO - 2024-07-01 10:46:11 --> Session: Class initialized using 'CodeIgniter\Session\Handlers\FileHandler' driver.
INFO - 2024-07-01 10:46:19 --> Session: Class initialized using 'CodeIgniter\Session\Handlers\FileHandler' driver.
INFO - 2024-07-01 10:49:27 --> Session: Class initialized using 'CodeIgniter\Session\Handlers\FileHandler' driver.
INFO - 2024-07-01 10:49:28 --> Session: Class initialized using 'CodeIgniter\Session\Handlers\FileHandler' driver.
INFO - 2024-07-01 10:50:21 --> Session: Class initialized using 'CodeIgniter\Session\Handlers\FileHandler' driver.
INFO - 2024-07-01 10:50:22 --> Session: Class initialized using 'CodeIgniter\Session\Handlers\FileHandler' driver.
INFO - 2024-07-01 10:51:37 --> Session: Class initialized using 'CodeIgniter\Session\Handlers\FileHandler' driver.
INFO - 2024-07-01 10:51:37 --> Session: Class initialized using 'CodeIgniter\Session\Handlers\FileHandler' driver.
INFO - 2024-07-01 10:51:38 --> Session: Class initialized using 'CodeIgniter\Session\Handlers\FileHandler' driver.
INFO - 2024-07-01 10:51:38 --> Session: Class initialized using 'CodeIgniter\Session\Handlers\FileHandler' driver.
INFO - 2024-07-01 10:52:13 --> Session: Class initialized using 'CodeIgniter\Session\Handlers\FileHandler' driver.
INFO - 2024-07-01 10:52:13 --> Session: Class initialized using 'CodeIgniter\Session\Handlers\FileHandler' driver.
INFO - 2024-07-01 10:52:38 --> Session: Class initialized using 'CodeIgniter\Session\Handlers\FileHandler' driver.
INFO - 2024-07-01 10:52:45 --> Session: Class initialized using 'CodeIgniter\Session\Handlers\FileHandler' driver.
INFO - 2024-07-01 10:52:46 --> Session: Class initialized using 'CodeIgniter\Session\Handlers\FileHandler' driver.
INFO - 2024-07-01 10:52:46 --> Session: Class initialized using 'CodeIgniter\Session\Handlers\FileHandler' driver.
INFO - 2024-07-01 10:52:46 --> Session: Class initialized using 'CodeIgniter\Session\Handlers\FileHandler' driver.
INFO - 2024-07-01 10:53:06 --> Session: Class initialized using 'CodeIgniter\Session\Handlers\FileHandler' driver.
INFO - 2024-07-01 10:53:06 --> Session: Class initialized using 'CodeIgniter\Session\Handlers\FileHandler' driver.
INFO - 2024-07-01 10:53:06 --> Session: Class initialized using 'CodeIgniter\Session\Handlers\FileHandler' driver.
INFO - 2024-07-01 10:53:07 --> Session: Class initialized using 'CodeIgniter\Session\Handlers\FileHandler' driver.
INFO - 2024-07-01 10:55:20 --> Session: Class initialized using 'CodeIgniter\Session\Handlers\FileHandler' driver.
INFO - 2024-07-01 10:55:20 --> Session: Class initialized using 'CodeIgniter\Session\Handlers\FileHandler' driver.
INFO - 2024-07-01 10:55:51 --> Session: Class initialized using 'CodeIgniter\Session\Handlers\FileHandler' driver.
INFO - 2024-07-01 10:55:51 --> Session: Class initialized using 'CodeIgniter\Session\Handlers\FileHandler' driver.
INFO - 2024-07-01 10:55:52 --> Session: Class initialized using 'CodeIgniter\Session\Handlers\FileHandler' driver.
INFO - 2024-07-01 10:55:52 --> Session: Class initialized using 'CodeIgniter\Session\Handlers\FileHandler' driver.
INFO - 2024-07-01 10:56:28 --> Session: Class initialized using 'CodeIgniter\Session\Handlers\FileHandler' driver.
INFO - 2024-07-01 10:56:28 --> Session: Class initialized using 'CodeIgniter\Session\Handlers\FileHandler' driver.
INFO - 2024-07-01 10:56:30 --> Session: Class initialized using 'CodeIgniter\Session\Handlers\FileHandler' driver.
INFO - 2024-07-01 10:56:30 --> Session: Class initialized using 'CodeIgniter\Session\Handlers\FileHandler' driver.
INFO - 2024-07-01 10:57:07 --> Session: Class initialized using 'CodeIgniter\Session\Handlers\FileHandler' driver.
INFO - 2024-07-01 10:57:07 --> Session: Class initialized using 'CodeIgniter\Session\Handlers\FileHandler' driver.
INFO - 2024-07-01 10:57:08 --> Session: Class initialized using 'CodeIgniter\Session\Handlers\FileHandler' driver.
INFO - 2024-07-01 10:57:08 --> Session: Class initialized using 'CodeIgniter\Session\Handlers\FileHandler' driver.
INFO - 2024-07-01 10:57:13 --> Session: Class initialized using 'CodeIgniter\Session\Handlers\FileHandler' driver.
INFO - 2024-07-01 10:57:14 --> Session: Class initialized using 'CodeIgniter\Session\Handlers\FileHandler' driver.
INFO - 2024-07-01 10:57:37 --> Session: Class initialized using 'CodeIgniter\Session\Handlers\FileHandler' driver.
INFO - 2024-07-01 10:57:42 --> Session: Class initialized using 'CodeIgniter\Session\Handlers\FileHandler' driver.
INFO - 2024-07-01 10:57:43 --> Session: Class initialized using 'CodeIgniter\Session\Handlers\FileHandler' driver.
INFO - 2024-07-01 10:58:14 --> Session: Class initialized using 'CodeIgniter\Session\Handlers\FileHandler' driver.
INFO - 2024-07-01 10:58:18 --> Session: Class initialized using 'CodeIgniter\Session\Handlers\FileHandler' driver.
INFO - 2024-07-01 10:58:18 --> Session: Class initialized using 'CodeIgniter\Session\Handlers\FileHandler' driver.
INFO - 2024-07-01 10:58:39 --> Session: Class initialized using 'CodeIgniter\Session\Handlers\FileHandler' driver.
INFO - 2024-07-01 10:59:37 --> Session: Class initialized using 'CodeIgniter\Session\Handlers\FileHandler' driver.
INFO - 2024-07-01 11:00:55 --> Session: Class initialized using 'CodeIgniter\Session\Handlers\FileHandler' driver.
INFO - 2024-07-01 11:00:56 --> Session: Class initialized using 'CodeIgniter\Session\Handlers\FileHandler' driver.
INFO - 2024-07-01 16:33:00 --> Session: Class initialized using 'CodeIgniter\Session\Handlers\FileHandler' driver.
INFO - 2024-07-01 11:03:16 --> Session: Class initialized using 'CodeIgniter\Session\Handlers\FileHandler' driver.
INFO - 2024-07-01 11:03:21 --> Session: Class initialized using 'CodeIgniter\Session\Handlers\FileHandler' driver.
INFO - 2024-07-01 11:03:21 --> Session: Class initialized using 'CodeIgniter\Session\Handlers\FileHandler' driver.
INFO - 2024-07-01 11:03:29 --> Session: Class initialized using 'CodeIgniter\Session\Handlers\FileHandler' driver.
INFO - 2024-07-01 11:03:30 --> Session: Class initialized using 'CodeIgniter\Session\Handlers\FileHandler' driver.
INFO - 2024-07-01 11:03:48 --> Session: Class initialized using 'CodeIgniter\Session\Handlers\FileHandler' driver.
INFO - 2024-07-01 11:03:51 --> Session: Class initialized using 'CodeIgniter\Session\Handlers\FileHandler' driver.
INFO - 2024-07-01 11:03:52 --> Session: Class initialized using 'CodeIgniter\Session\Handlers\FileHandler' driver.
INFO - 2024-07-01 11:04:18 --> Session: Class initialized using 'CodeIgniter\Session\Handlers\FileHandler' driver.
INFO - 2024-07-01 11:04:21 --> Session: Class initialized using 'CodeIgniter\Session\Handlers\FileHandler' driver.
INFO - 2024-07-01 11:04:22 --> Session: Class initialized using 'CodeIgniter\Session\Handlers\FileHandler' driver.
INFO - 2024-07-01 11:04:42 --> Session: Class initialized using 'CodeIgniter\Session\Handlers\FileHandler' driver.
INFO - 2024-07-01 11:04:48 --> Session: Class initialized using 'CodeIgniter\Session\Handlers\FileHandler' driver.
INFO - 2024-07-01 11:04:48 --> Session: Class initialized using 'CodeIgniter\Session\Handlers\FileHandler' driver.
INFO - 2024-07-01 11:05:14 --> Session: Class initialized using 'CodeIgniter\Session\Handlers\FileHandler' driver.
INFO - 2024-07-01 11:05:17 --> Session: Class initialized using 'CodeIgniter\Session\Handlers\FileHandler' driver.
INFO - 2024-07-01 11:05:18 --> Session: Class initialized using 'CodeIgniter\Session\Handlers\FileHandler' driver.
INFO - 2024-07-01 11:05:24 --> Session: Class initialized using 'CodeIgniter\Session\Handlers\FileHandler' driver.
INFO - 2024-07-01 11:05:24 --> Session: Class initialized using 'CodeIgniter\Session\Handlers\FileHandler' driver.
INFO - 2024-07-01 11:05:45 --> Session: Class initialized using 'CodeIgniter\Session\Handlers\FileHandler' driver.
INFO - 2024-07-01 11:05:45 --> Session: Class initialized using 'CodeIgniter\Session\Handlers\FileHandler' driver.
INFO - 2024-07-01 16:39:08 --> Session: Class initialized using 'CodeIgniter\Session\Handlers\FileHandler' driver.
INFO - 2024-07-01 16:40:10 --> Session: Class initialized using 'CodeIgniter\Session\Handlers\FileHandler' driver.
INFO - 2024-07-01 11:10:10 --> Session: Class initialized using 'CodeIgniter\Session\Handlers\FileHandler' driver.
INFO - 2024-07-01 11:10:10 --> Session: Class initialized using 'CodeIgniter\Session\Handlers\FileHandler' driver.
INFO - 2024-07-01 16:40:12 --> Session: Class initialized using 'CodeIgniter\Session\Handlers\FileHandler' driver.
INFO - 2024-07-01 11:10:13 --> Session: Class initialized using 'CodeIgniter\Session\Handlers\FileHandler' driver.
INFO - 2024-07-01 11:10:53 --> Session: Class initialized using 'CodeIgniter\Session\Handlers\FileHandler' driver.
INFO - 2024-07-01 11:10:53 --> Session: Class initialized using 'CodeIgniter\Session\Handlers\FileHandler' driver.
INFO - 2024-07-01 11:10:54 --> Session: Class initialized using 'CodeIgniter\Session\Handlers\FileHandler' driver.
INFO - 2024-07-01 11:10:54 --> Session: Class initialized using 'CodeIgniter\Session\Handlers\FileHandler' driver.
INFO - 2024-07-01 16:40:55 --> Session: Class initialized using 'CodeIgniter\Session\Handlers\FileHandler' driver.
INFO - 2024-07-01 11:10:56 --> Session: Class initialized using 'CodeIgniter\Session\Handlers\FileHandler' driver.
INFO - 2024-07-01 11:11:38 --> Session: Class initialized using 'CodeIgniter\Session\Handlers\FileHandler' driver.
INFO - 2024-07-01 11:11:44 --> Session: Class initialized using 'CodeIgniter\Session\Handlers\FileHandler' driver.
INFO - 2024-07-01 11:11:44 --> Session: Class initialized using 'CodeIgniter\Session\Handlers\FileHandler' driver.
INFO - 2024-07-01 11:11:44 --> Session: Class initialized using 'CodeIgniter\Session\Handlers\FileHandler' driver.
INFO - 2024-07-01 11:11:45 --> Session: Class initialized using 'CodeIgniter\Session\Handlers\FileHandler' driver.
INFO - 2024-07-01 16:41:46 --> Session: Class initialized using 'CodeIgniter\Session\Handlers\FileHandler' driver.
INFO - 2024-07-01 16:42:11 --> Session: Class initialized using 'CodeIgniter\Session\Handlers\FileHandler' driver.
INFO - 2024-07-01 16:42:14 --> Session: Class initialized using 'CodeIgniter\Session\Handlers\FileHandler' driver.
INFO - 2024-07-01 11:12:19 --> Session: Class initialized using 'CodeIgniter\Session\Handlers\FileHandler' driver.
INFO - 2024-07-01 11:12:20 --> Session: Class initialized using 'CodeIgniter\Session\Handlers\FileHandler' driver.
INFO - 2024-07-01 11:12:20 --> Session: Class initialized using 'CodeIgniter\Session\Handlers\FileHandler' driver.
INFO - 2024-07-01 11:12:20 --> Session: Class initialized using 'CodeIgniter\Session\Handlers\FileHandler' driver.
INFO - 2024-07-01 16:42:21 --> Session: Class initialized using 'CodeIgniter\Session\Handlers\FileHandler' driver.
INFO - 2024-07-01 11:12:23 --> Session: Class initialized using 'CodeIgniter\Session\Handlers\FileHandler' driver.
INFO - 2024-07-01 11:18:33 --> Session: Class initialized using 'CodeIgniter\Session\Handlers\FileHandler' driver.
INFO - 2024-07-01 11:18:33 --> Session: Class initialized using 'CodeIgniter\Session\Handlers\FileHandler' driver.
INFO - 2024-07-01 11:18:38 --> Session: Class initialized using 'CodeIgniter\Session\Handlers\FileHandler' driver.
INFO - 2024-07-01 11:18:39 --> Session: Class initialized using 'CodeIgniter\Session\Handlers\FileHandler' driver.
INFO - 2024-07-01 11:18:52 --> Session: Class initialized using 'CodeIgniter\Session\Handlers\FileHandler' driver.
INFO - 2024-07-01 11:18:53 --> Session: Class initialized using 'CodeIgniter\Session\Handlers\FileHandler' driver.
INFO - 2024-07-01 11:20:27 --> Session: Class initialized using 'CodeIgniter\Session\Handlers\FileHandler' driver.
INFO - 2024-07-01 11:20:28 --> Session: Class initialized using 'CodeIgniter\Session\Handlers\FileHandler' driver.
INFO - 2024-07-01 11:20:44 --> Session: Class initialized using 'CodeIgniter\Session\Handlers\FileHandler' driver.
INFO - 2024-07-01 11:20:44 --> Session: Class initialized using 'CodeIgniter\Session\Handlers\FileHandler' driver.
INFO - 2024-07-01 11:24:40 --> Session: Class initialized using 'CodeIgniter\Session\Handlers\FileHandler' driver.
INFO - 2024-07-01 11:24:44 --> Session: Class initialized using 'CodeIgniter\Session\Handlers\FileHandler' driver.
INFO - 2024-07-01 11:24:44 --> Session: Class initialized using 'CodeIgniter\Session\Handlers\FileHandler' driver.
INFO - 2024-07-01 11:25:20 --> Session: Class initialized using 'CodeIgniter\Session\Handlers\FileHandler' driver.
INFO - 2024-07-01 11:25:26 --> Session: Class initialized using 'CodeIgniter\Session\Handlers\FileHandler' driver.
INFO - 2024-07-01 11:25:26 --> Session: Class initialized using 'CodeIgniter\Session\Handlers\FileHandler' driver.
INFO - 2024-07-01 11:25:37 --> Session: Class initialized using 'CodeIgniter\Session\Handlers\FileHandler' driver.
INFO - 2024-07-01 11:25:37 --> Session: Class initialized using 'CodeIgniter\Session\Handlers\FileHandler' driver.
INFO - 2024-07-01 11:28:46 --> Session: Class initialized using 'CodeIgniter\Session\Handlers\FileHandler' driver.
INFO - 2024-07-01 11:28:46 --> Session: Class initialized using 'CodeIgniter\Session\Handlers\FileHandler' driver.
INFO - 2024-07-01 11:30:56 --> Session: Class initialized using 'CodeIgniter\Session\Handlers\FileHandler' driver.
INFO - 2024-07-01 11:30:56 --> Session: Class initialized using 'CodeIgniter\Session\Handlers\FileHandler' driver.
INFO - 2024-07-01 11:34:53 --> Session: Class initialized using 'CodeIgniter\Session\Handlers\FileHandler' driver.
INFO - 2024-07-01 17:12:32 --> Session: Class initialized using 'CodeIgniter\Session\Handlers\FileHandler' driver.
INFO - 2024-07-01 17:12:52 --> Session: Class initialized using 'CodeIgniter\Session\Handlers\FileHandler' driver.
INFO - 2024-07-01 11:43:50 --> Session: Class initialized using 'CodeIgniter\Session\Handlers\FileHandler' driver.
INFO - 2024-07-01 11:43:50 --> Session: Class initialized using 'CodeIgniter\Session\Handlers\FileHandler' driver.
INFO - 2024-07-01 11:59:57 --> Session: Class initialized using 'CodeIgniter\Session\Handlers\FileHandler' driver.
INFO - 2024-07-01 12:05:56 --> Session: Class initialized using 'CodeIgniter\Session\Handlers\FileHandler' driver.
INFO - 2024-07-01 12:06:07 --> Session: Class initialized using 'CodeIgniter\Session\Handlers\FileHandler' driver.
INFO - 2024-07-01 12:06:08 --> Session: Class initialized using 'CodeIgniter\Session\Handlers\FileHandler' driver.
INFO - 2024-07-01 12:06:35 --> Session: Class initialized using 'CodeIgniter\Session\Handlers\FileHandler' driver.
INFO - 2024-07-01 12:06:36 --> Session: Class initialized using 'CodeIgniter\Session\Handlers\FileHandler' driver.
INFO - 2024-07-01 17:37:20 --> Session: Class initialized using 'CodeIgniter\Session\Handlers\FileHandler' driver.
INFO - 2024-07-01 12:07:21 --> Session: Class initialized using 'CodeIgniter\Session\Handlers\FileHandler' driver.
INFO - 2024-07-01 12:07:21 --> Session: Class initialized using 'CodeIgniter\Session\Handlers\FileHandler' driver.
INFO - 2024-07-01 17:37:22 --> Session: Class initialized using 'CodeIgniter\Session\Handlers\FileHandler' driver.
INFO - 2024-07-01 12:07:24 --> Session: Class initialized using 'CodeIgniter\Session\Handlers\FileHandler' driver.
INFO - 2024-07-01 12:07:51 --> Session: Class initialized using 'CodeIgniter\Session\Handlers\FileHandler' driver.
INFO - 2024-07-01 12:07:51 --> Session: Class initialized using 'CodeIgniter\Session\Handlers\FileHandler' driver.
INFO - 2024-07-01 17:37:52 --> Session: Class initialized using 'CodeIgniter\Session\Handlers\FileHandler' driver.
INFO - 2024-07-01 12:07:53 --> Session: Class initialized using 'CodeIgniter\Session\Handlers\FileHandler' driver.
INFO - 2024-07-01 12:39:05 --> Session: Class initialized using 'CodeIgniter\Session\Handlers\FileHandler' driver.
INFO - 2024-07-01 12:39:06 --> Session: Class initialized using 'CodeIgniter\Session\Handlers\FileHandler' driver.
INFO - 2024-07-01 12:39:12 --> Session: Class initialized using 'CodeIgniter\Session\Handlers\FileHandler' driver.
INFO - 2024-07-01 12:39:12 --> Session: Class initialized using 'CodeIgniter\Session\Handlers\FileHandler' driver.
INFO - 2024-07-01 12:47:44 --> Session: Class initialized using 'CodeIgniter\Session\Handlers\FileHandler' driver.
INFO - 2024-07-01 12:47:45 --> Session: Class initialized using 'CodeIgniter\Session\Handlers\FileHandler' driver.
INFO - 2024-07-01 13:05:44 --> Session: Class initialized using 'CodeIgniter\Session\Handlers\FileHandler' driver.
