ERROR - 2023-11-03 12:34:06 --> mysqli_sql_exception: You have an error in your SQL syntax; check the manual that corresponds to your MySQL server version for the right syntax to use near ')' at line 4 in /home/mahentf8/public_html/mahendranextwealth/beingyou/system/Database/MySQLi/Connection.php:295
Stack trace:
#0 /home/mahentf8/public_html/mahendranextwealth/beingyou/system/Database/MySQLi/Connection.php(295): mysqli->query('SELECT `s`.*, `...', 0)
#1 /home/mahentf8/public_html/mahendranextwealth/beingyou/system/Database/BaseConnection.php(691): CodeIgniter\Database\MySQLi\Connection->execute('SELECT `s`.*, `...')
#2 /home/mahentf8/public_html/mahendranextwealth/beingyou/system/Database/BaseConnection.php(605): CodeIgniter\Database\BaseConnection->simpleQuery('SELECT `s`.*, `...')
#3 /home/mahentf8/public_html/mahendranextwealth/beingyou/system/Database/BaseBuilder.php(1616): CodeIgniter\Database\BaseConnection->query('SELECT `s`.*, `...', Array, false)
#4 /home/mahentf8/public_html/mahendranextwealth/beingyou/app/Controllers/Home.php(5475): CodeIgniter\Database\BaseBuilder->get()
#5 /home/mahentf8/public_html/mahendranextwealth/beingyou/system/CodeIgniter.php(934): App\Controllers\Home->download_pre_program(0)
#6 /home/mahentf8/public_html/mahendranextwealth/beingyou/system/CodeIgniter.php(499): CodeIgniter\CodeIgniter->runController(Object(App\Controllers\Home))
#7 /home/mahentf8/public_html/mahendranextwealth/beingyou/system/CodeIgniter.php(368): CodeIgniter\CodeIgniter->handleRequest(NULL, Object(Config\Cache), false)
#8 /home/mahentf8/public_html/mahendranextwealth/beingyou/index.php(67): CodeIgniter\CodeIgniter->run()
#9 {main}
CRITICAL - 2023-11-03 12:34:06 --> You have an error in your SQL syntax; check the manual that corresponds to your MySQL server version for the right syntax to use near ')' at line 4
in SYSTEMPATH/Database/BaseConnection.php on line 645.
 1 SYSTEMPATH/Database/BaseBuilder.php(1616): CodeIgniter\Database\BaseConnection->query('SELECT `s`.*, `c`.*
FROM `staff_details` as `s`
LEFT JOIN `company_details` as `c` ON `c`.`id`=`s`.`company_id`
WHERE `s`.`email` IN :s.email:', [...], false)
 2 APPPATH/Controllers/Home.php(5475): CodeIgniter\Database\BaseBuilder->get()
 3 SYSTEMPATH/CodeIgniter.php(934): App\Controllers\Home->download_pre_program(0)
 4 SYSTEMPATH/CodeIgniter.php(499): CodeIgniter\CodeIgniter->runController(Object(App\Controllers\Home))
 5 SYSTEMPATH/CodeIgniter.php(368): CodeIgniter\CodeIgniter->handleRequest(null, Object(Config\Cache), false)
 6 FCPATH/index.php(67): CodeIgniter\CodeIgniter->run()
